{
  "level": "info",
  "msg": "Start working of a service",
  "time": "17.08.2025 15:49:46"
}
{
  "level": "info",
  "msg": "Producer wasn't launch (-gen=False)",
  "time": "17.08.2025 15:49:46"
}
{
  "level": "info",
  "msg": "Consumer launched successfully",
  "time": "17.08.2025 15:49:46"
}
{
  "level": "info",
  "msg": "Service successfully exited without errors",
  "time": "17.08.2025 15:53:46"
}
{
  "level": "info",
  "msg": "Start working of a service",
  "time": "17.08.2025 15:54:02"
}
{
  "level": "info",
  "msg": "Producer wasn't launch (-gen=False)",
  "time": "17.08.2025 15:54:02"
}
{
  "level": "info",
  "msg": "Consumer launched successfully",
  "time": "17.08.2025 15:54:02"
}
{
  "level": "info",
  "msg": "Service successfully exited without errors",
  "time": "17.08.2025 15:54:04"
}
{
  "level": "info",
  "msg": "Start working of a service",
  "time": "17.08.2025 15:54:11"
}
{
  "level": "info",
  "msg": "Producer wasn't launch (-gen=False)",
  "time": "17.08.2025 15:54:11"
}
{
  "level": "info",
  "msg": "Consumer launched successfully",
  "time": "17.08.2025 15:54:11"
}
{
  "level": "info",
  "msg": "Service successfully exited without errors",
  "time": "17.08.2025 15:54:40"
}
{
  "level": "info",
  "msg": "Start working of a service",
  "time": "17.08.2025 15:56:25"
}
{
  "level": "info",
  "msg": "Producer wasn't launch (-gen=False)",
  "time": "17.08.2025 15:56:25"
}
{
  "level": "info",
  "msg": "Consumer launched successfully",
  "time": "17.08.2025 15:56:25"
}
{
  "level": "info",
  "msg": "Service successfully exited without errors",
  "time": "17.08.2025 15:57:19"
}
{
  "level": "info",
  "msg": "Start working of a service",
  "time": "17.08.2025 15:59:14"
}
{
  "level": "info",
  "msg": "Producer wasn't launch (-gen=False)",
  "time": "17.08.2025 15:59:14"
}
{
  "level": "info",
  "msg": "Consumer launched successfully",
  "time": "17.08.2025 15:59:14"
}
{
  "level": "info",
  "msg": "Service successfully exited without errors",
  "time": "17.08.2025 16:01:09"
}
{
  "level": "info",
  "msg": "Start working of a service",
  "time": "17.08.2025 16:02:03"
}
{
  "level": "info",
  "msg": "Producer wasn't launch (-gen=False)",
  "time": "17.08.2025 16:02:03"
}
{
  "level": "info",
  "msg": "Consumer launched successfully",
  "time": "17.08.2025 16:02:03"
}
{
  "level": "info",
  "msg": "Service successfully exited without errors",
  "time": "17.08.2025 16:02:34"
}
{
  "level": "info",
  "msg": "Start working of a service",
  "time": "17.08.2025 16:02:42"
}
{
  "level": "info",
  "msg": "Producer wasn't launch (-gen=False)",
  "time": "17.08.2025 16:02:42"
}
{
  "level": "info",
  "msg": "Consumer launched successfully",
  "time": "17.08.2025 16:02:42"
}
{
  "level": "info",
  "msg": "Service successfully exited without errors",
  "time": "17.08.2025 16:04:50"
}
{
  "level": "info",
  "msg": "Start working of a service",
  "time": "17.08.2025 16:05:03"
}
{
  "level": "info",
  "msg": "Producer wasn't launch (-gen=False)",
  "time": "17.08.2025 16:05:03"
}
{
  "level": "info",
  "msg": "Consumer launched successfully",
  "time": "17.08.2025 16:05:03"
}
{
  "level": "info",
  "msg": "Service successfully exited without errors",
  "time": "17.08.2025 16:07:00"
}
{
  "level": "info",
  "msg": "Start working of a service",
  "time": "17.08.2025 16:07:20"
}
{
  "level": "info",
  "msg": "Producer wasn't launch (-gen=False)",
  "time": "17.08.2025 16:07:20"
}
{
  "level": "info",
  "msg": "Consumer launched successfully",
  "time": "17.08.2025 16:07:20"
}
{
  "level": "info",
  "msg": "Service successfully exited without errors",
  "time": "17.08.2025 16:08:10"
}
{
  "level": "info",
  "msg": "Start working of a service",
  "time": "17.08.2025 16:09:04"
}
{
  "level": "info",
  "msg": "Producer wasn't launch (-gen=False)",
  "time": "17.08.2025 16:09:04"
}
{
  "level": "info",
  "msg": "Consumer launched successfully",
  "time": "17.08.2025 16:09:04"
}
{
  "level": "info",
  "msg": "Service successfully exited without errors",
  "time": "17.08.2025 16:10:45"
}
{
  "level": "info",
  "msg": "Start working of a service",
  "time": "17.08.2025 16:10:52"
}
{
  "level": "info",
  "msg": "Producer wasn't launch (-gen=False)",
  "time": "17.08.2025 16:10:52"
}
{
  "level": "info",
  "msg": "Consumer launched successfully",
  "time": "17.08.2025 16:10:52"
}
{
  "level": "info",
  "msg": "Service successfully exited without errors",
  "time": "17.08.2025 16:13:01"
}
{
  "level": "info",
  "msg": "Start working of a service",
  "time": "17.08.2025 16:13:08"
}
{
  "level": "info",
  "msg": "Producer wasn't launch (-gen=False)",
  "time": "17.08.2025 16:13:08"
}
{
  "level": "info",
  "msg": "Consumer launched successfully",
  "time": "17.08.2025 16:13:08"
}
{
  "level": "info",
  "msg": "Service successfully exited without errors",
  "time": "17.08.2025 16:13:59"
}
{
  "level": "info",
  "msg": "Start working of a service",
  "time": "17.08.2025 17:10:52"
}
{
  "level": "info",
  "msg": "Producer wasn't launch (-gen=False)",
  "time": "17.08.2025 17:10:52"
}
{
  "level": "info",
  "msg": "Consumer launched successfully",
  "time": "17.08.2025 17:10:52"
}
{
  "level": "info",
  "msg": "Service successfully exited without errors",
  "time": "17.08.2025 17:11:24"
}
{
  "level": "info",
  "msg": "Start working of a service",
  "time": "17.08.2025 17:12:27"
}
{
  "level": "info",
  "msg": "Producer wasn't launch (-gen=False)",
  "time": "17.08.2025 17:12:27"
}
{
  "level": "info",
  "msg": "Consumer launched successfully",
  "time": "17.08.2025 17:12:27"
}
{
  "level": "info",
  "msg": "Service successfully exited without errors",
  "time": "17.08.2025 17:12:46"
}
{
  "level": "info",
  "msg": "Start working of a service",
  "time": "17.08.2025 17:12:57"
}
{
  "level": "info",
  "msg": "Producer wasn't launch (-gen=False)",
  "time": "17.08.2025 17:12:57"
}
{
  "level": "info",
  "msg": "Consumer launched successfully",
  "time": "17.08.2025 17:12:57"
}
{
  "level": "info",
  "msg": "Service successfully exited without errors",
  "time": "17.08.2025 17:17:04"
}
{
  "level": "info",
  "msg": "Start working of a service",
  "time": "17.08.2025 17:17:27"
}
{
  "level": "info",
  "msg": "Producer wasn't launch (-gen=False)",
  "time": "17.08.2025 17:17:27"
}
{
  "level": "info",
  "msg": "Consumer launched successfully",
  "time": "17.08.2025 17:17:27"
}
{
  "level": "info",
  "msg": "Service successfully exited without errors",
  "time": "17.08.2025 17:17:56"
}
{
  "level": "info",
  "msg": "Start working of a service",
  "time": "17.08.2025 17:18:05"
}
{
  "level": "info",
  "msg": "Producer wasn't launch (-gen=False)",
  "time": "17.08.2025 17:18:05"
}
{
  "level": "info",
  "msg": "Consumer launched successfully",
  "time": "17.08.2025 17:18:05"
}
{
  "level": "info",
  "msg": "Service successfully exited without errors",
  "time": "17.08.2025 17:19:18"
}
{
  "level": "info",
  "msg": "Start working of a service",
  "time": "17.08.2025 17:21:51"
}
{
  "level": "info",
  "msg": "Producer wasn't launch (-gen=False)",
  "time": "17.08.2025 17:21:51"
}
{
  "level": "info",
  "msg": "Consumer launched successfully",
  "time": "17.08.2025 17:21:51"
}
{
  "level": "info",
  "msg": "Service successfully exited without errors",
  "time": "17.08.2025 17:24:23"
}
{
  "level": "info",
  "msg": "Start working of a service",
  "time": "17.08.2025 17:27:34"
}
{
  "level": "info",
  "msg": "Producer wasn't launch (-gen=False)",
  "time": "17.08.2025 17:27:34"
}
{
  "level": "info",
  "msg": "Consumer launched successfully",
  "time": "17.08.2025 17:27:34"
}
{
  "level": "info",
  "msg": "Service successfully exited without errors",
  "time": "17.08.2025 17:28:05"
}
{
  "level": "info",
  "msg": "Start working of a service",
  "time": "17.08.2025 17:28:18"
}
{
  "level": "info",
  "msg": "Producer wasn't launch (-gen=False)",
  "time": "17.08.2025 17:28:18"
}
{
  "level": "info",
  "msg": "Consumer launched successfully",
  "time": "17.08.2025 17:28:18"
}
{
  "level": "info",
  "msg": "Service successfully exited without errors",
  "time": "17.08.2025 17:28:42"
}
{
  "level": "info",
  "msg": "Start working of a service",
  "time": "17.08.2025 17:29:20"
}
{
  "level": "info",
  "msg": "Producer wasn't launch (-gen=False)",
  "time": "17.08.2025 17:29:20"
}
{
  "level": "info",
  "msg": "Consumer launched successfully",
  "time": "17.08.2025 17:29:20"
}
{
  "level": "info",
  "msg": "Service successfully exited without errors",
  "time": "17.08.2025 17:29:35"
}
{
  "level": "info",
  "msg": "Start working of a service",
  "time": "17.08.2025 17:29:44"
}
{
  "level": "info",
  "msg": "Producer wasn't launch (-gen=False)",
  "time": "17.08.2025 17:29:44"
}
{
  "level": "info",
  "msg": "Consumer launched successfully",
  "time": "17.08.2025 17:29:44"
}
{
  "level": "info",
  "msg": "Service successfully exited without errors",
  "time": "17.08.2025 17:32:03"
}
{
  "level": "info",
  "msg": "Start working of a service",
  "time": "17.08.2025 17:32:20"
}
{
  "level": "info",
  "msg": "Producer wasn't launch (-gen=False)",
  "time": "17.08.2025 17:32:20"
}
{
  "level": "info",
  "msg": "Consumer launched successfully",
  "time": "17.08.2025 17:32:20"
}
{
  "level": "info",
  "msg": "Service successfully exited without errors",
  "time": "17.08.2025 17:33:06"
}
{
  "level": "info",
  "msg": "Start working of a service",
  "time": "17.08.2025 17:33:26"
}
{
  "level": "info",
  "msg": "Producer wasn't launch (-gen=False)",
  "time": "17.08.2025 17:33:26"
}
{
  "level": "info",
  "msg": "Consumer launched successfully",
  "time": "17.08.2025 17:33:26"
}
{
  "level": "info",
  "msg": "Service successfully exited without errors",
  "time": "17.08.2025 17:34:29"
}
