{
  "level": "info",
  "msg": "writing 1 messages to demoservice-orders (partition: 1)",
  "time": "16.08.2025 19:16:46"
}
{
  "level": "info",
  "msg": "Message succesfully pulled in broker",
  "time": "16.08.2025 19:16:46"
}
{
  "level": "info",
  "msg": "writing 1 messages to demoservice-orders (partition: 1)",
  "time": "16.08.2025 19:16:47"
}
{
  "level": "info",
  "msg": "Message succesfully pulled in broker",
  "time": "16.08.2025 19:16:47"
}
{
  "level": "info",
  "msg": "writing 1 messages to demoservice-orders (partition: 1)",
  "time": "16.08.2025 19:16:48"
}
{
  "level": "info",
  "msg": "Message succesfully pulled in broker",
  "time": "16.08.2025 19:16:48"
}
{
  "level": "info",
  "msg": "writing 1 messages to demoservice-orders (partition: 1)",
  "time": "16.08.2025 19:16:49"
}
{
  "level": "info",
  "msg": "Message succesfully pulled in broker",
  "time": "16.08.2025 19:16:49"
}
{
  "level": "info",
  "msg": "writing 1 messages to demoservice-orders (partition: 1)",
  "time": "16.08.2025 19:16:50"
}
{
  "level": "info",
  "msg": "Message succesfully pulled in broker",
  "time": "16.08.2025 19:16:50"
}
{
  "level": "info",
  "msg": "writing 1 messages to demoservice-orders (partition: 1)",
  "time": "16.08.2025 19:16:51"
}
{
  "level": "info",
  "msg": "Message succesfully pulled in broker",
  "time": "16.08.2025 19:16:51"
}
{
  "level": "info",
  "msg": "writing 1 messages to demoservice-orders (partition: 1)",
  "time": "16.08.2025 19:16:52"
}
{
  "level": "info",
  "msg": "Message succesfully pulled in broker",
  "time": "16.08.2025 19:16:52"
}
{
  "level": "info",
  "msg": "writing 1 messages to demoservice-orders (partition: 1)",
  "time": "16.08.2025 19:16:53"
}
{
  "level": "info",
  "msg": "Message succesfully pulled in broker",
  "time": "16.08.2025 19:16:53"
}
{
  "level": "info",
  "msg": "writing 1 messages to demoservice-orders (partition: 1)",
  "time": "16.08.2025 19:16:54"
}
{
  "level": "info",
  "msg": "Message succesfully pulled in broker",
  "time": "16.08.2025 19:16:54"
}
{
  "level": "error",
  "msg": "The time to send the message exceeded the allowed value",
  "time": "16.08.2025 19:16:55"
}
{
  "level": "info",
  "msg": "writing 1 messages to demoservice-orders (partition: 1)",
  "time": "16.08.2025 19:16:55"
}
